1744194958.956185 client started (15236): version 3.5a, socket /tmp/tmux-1000/default, protocol 8
1744194958.956234 on Linux 6.13.8-arch1-1 #1 SMP PREEMPT_DYNAMIC Sun, 23 Mar 2025 17:17:30 +0000
1744194958.956256 using libevent 2.1.12-stable poll
1744194958.956270 using ncurses 6.5 20240427
1744194958.956311 flags are 0x10010000
1744194958.956339 socket is /tmp/tmux-1000/default
1744194958.956365 trying connect
1744194958.956494 add peer 0x6183be1ac530: 6 ((nil))
1744194958.957266 sending message 111 to peer 0x6183be1ac530 (8 bytes)
1744194958.957293 sending message 111 to peer 0x6183be1ac530 (8 bytes)
1744194958.957307 sending message 101 to peer 0x6183be1ac530 (14 bytes)
1744194958.957319 sending message 109 to peer 0x6183be1ac530 (4 bytes)
1744194958.957331 sending message 102 to peer 0x6183be1ac530 (11 bytes)
1744194958.957343 sending message 108 to peer 0x6183be1ac530 (33 bytes)
1744194958.957356 sending message 112 to peer 0x6183be1ac530 (70 bytes)
1744194958.957368 sending message 112 to peer 0x6183be1ac530 (5 bytes)
1744194958.957380 sending message 112 to peer 0x6183be1ac530 (5 bytes)
1744194958.957393 sending message 112 to peer 0x6183be1ac530 (6 bytes)
1744194958.957406 sending message 112 to peer 0x6183be1ac530 (6 bytes)
1744194958.957419 sending message 112 to peer 0x6183be1ac530 (11 bytes)
1744194958.957431 sending message 112 to peer 0x6183be1ac530 (10 bytes)
1744194958.957443 sending message 112 to peer 0x6183be1ac530 (13 bytes)
1744194958.957456 sending message 112 to peer 0x6183be1ac530 (13 bytes)
1744194958.957469 sending message 112 to peer 0x6183be1ac530 (18 bytes)
1744194958.957482 sending message 112 to peer 0x6183be1ac530 (11 bytes)
1744194958.957496 sending message 112 to peer 0x6183be1ac530 (10 bytes)
1744194958.957509 sending message 112 to peer 0x6183be1ac530 (15 bytes)
1744194958.957520 sending message 112 to peer 0x6183be1ac530 (21 bytes)
1744194958.957528 sending message 112 to peer 0x6183be1ac530 (13 bytes)
1744194958.957536 sending message 112 to peer 0x6183be1ac530 (7 bytes)
1744194958.957544 sending message 112 to peer 0x6183be1ac530 (13 bytes)
1744194958.957551 sending message 112 to peer 0x6183be1ac530 (7 bytes)
1744194958.957574 sending message 112 to peer 0x6183be1ac530 (13 bytes)
1744194958.957583 sending message 112 to peer 0x6183be1ac530 (9 bytes)
1744194958.957602 sending message 112 to peer 0x6183be1ac530 (21 bytes)
1744194958.957611 sending message 112 to peer 0x6183be1ac530 (13 bytes)
1744194958.957618 sending message 112 to peer 0x6183be1ac530 (8 bytes)
1744194958.957625 sending message 112 to peer 0x6183be1ac530 (12 bytes)
1744194958.957632 sending message 112 to peer 0x6183be1ac530 (13 bytes)
1744194958.957640 sending message 112 to peer 0x6183be1ac530 (9 bytes)
1744194958.957647 sending message 112 to peer 0x6183be1ac530 (9 bytes)
1744194958.957654 sending message 112 to peer 0x6183be1ac530 (12 bytes)
1744194958.957661 sending message 112 to peer 0x6183be1ac530 (8 bytes)
1744194958.957669 sending message 112 to peer 0x6183be1ac530 (8 bytes)
1744194958.957679 sending message 112 to peer 0x6183be1ac530 (7 bytes)
1744194958.957692 sending message 112 to peer 0x6183be1ac530 (7 bytes)
1744194958.957705 sending message 112 to peer 0x6183be1ac530 (9 bytes)
1744194958.957719 sending message 112 to peer 0x6183be1ac530 (13 bytes)
1744194958.957731 sending message 112 to peer 0x6183be1ac530 (6 bytes)
1744194958.957746 sending message 112 to peer 0x6183be1ac530 (9 bytes)
1744194958.957755 sending message 112 to peer 0x6183be1ac530 (15 bytes)
1744194958.957762 sending message 112 to peer 0x6183be1ac530 (13 bytes)
1744194958.957769 sending message 112 to peer 0x6183be1ac530 (12 bytes)
1744194958.957776 sending message 112 to peer 0x6183be1ac530 (8 bytes)
1744194958.957784 sending message 112 to peer 0x6183be1ac530 (14 bytes)
1744194958.957791 sending message 112 to peer 0x6183be1ac530 (11 bytes)
1744194958.957798 sending message 112 to peer 0x6183be1ac530 (9 bytes)
1744194958.957805 sending message 112 to peer 0x6183be1ac530 (10 bytes)
1744194958.957813 sending message 112 to peer 0x6183be1ac530 (10 bytes)
1744194958.957833 sending message 112 to peer 0x6183be1ac530 (10 bytes)
1744194958.957850 sending message 112 to peer 0x6183be1ac530 (10 bytes)
1744194958.957858 sending message 112 to peer 0x6183be1ac530 (11 bytes)
1744194958.957866 sending message 112 to peer 0x6183be1ac530 (12 bytes)
1744194958.957873 sending message 112 to peer 0x6183be1ac530 (12 bytes)
1744194958.957881 sending message 112 to peer 0x6183be1ac530 (12 bytes)
1744194958.957888 sending message 112 to peer 0x6183be1ac530 (12 bytes)
1744194958.957895 sending message 112 to peer 0x6183be1ac530 (12 bytes)
1744194958.957903 sending message 112 to peer 0x6183be1ac530 (11 bytes)
1744194958.957910 sending message 112 to peer 0x6183be1ac530 (11 bytes)
1744194958.957917 sending message 112 to peer 0x6183be1ac530 (12 bytes)
1744194958.957925 sending message 112 to peer 0x6183be1ac530 (12 bytes)
1744194958.957932 sending message 112 to peer 0x6183be1ac530 (12 bytes)
1744194958.957940 sending message 112 to peer 0x6183be1ac530 (12 bytes)
1744194958.957947 sending message 112 to peer 0x6183be1ac530 (12 bytes)
1744194958.957955 sending message 112 to peer 0x6183be1ac530 (10 bytes)
1744194958.957962 sending message 112 to peer 0x6183be1ac530 (12 bytes)
1744194958.957969 sending message 112 to peer 0x6183be1ac530 (13 bytes)
1744194958.957976 sending message 112 to peer 0x6183be1ac530 (13 bytes)
1744194958.957984 sending message 112 to peer 0x6183be1ac530 (13 bytes)
1744194958.957991 sending message 112 to peer 0x6183be1ac530 (13 bytes)
1744194958.957998 sending message 112 to peer 0x6183be1ac530 (13 bytes)
1744194958.958005 sending message 112 to peer 0x6183be1ac530 (8 bytes)
1744194958.958013 sending message 112 to peer 0x6183be1ac530 (11 bytes)
1744194958.958021 sending message 112 to peer 0x6183be1ac530 (11 bytes)
1744194958.958028 sending message 112 to peer 0x6183be1ac530 (11 bytes)
1744194958.958036 sending message 112 to peer 0x6183be1ac530 (12 bytes)
1744194958.958043 sending message 112 to peer 0x6183be1ac530 (12 bytes)
1744194958.958051 sending message 112 to peer 0x6183be1ac530 (12 bytes)
1744194958.958058 sending message 112 to peer 0x6183be1ac530 (12 bytes)
1744194958.958066 sending message 112 to peer 0x6183be1ac530 (13 bytes)
1744194958.958073 sending message 112 to peer 0x6183be1ac530 (13 bytes)
1744194958.958080 sending message 112 to peer 0x6183be1ac530 (13 bytes)
1744194958.958088 sending message 112 to peer 0x6183be1ac530 (8 bytes)
1744194958.958095 sending message 112 to peer 0x6183be1ac530 (13 bytes)
1744194958.958103 sending message 112 to peer 0x6183be1ac530 (13 bytes)
1744194958.958110 sending message 112 to peer 0x6183be1ac530 (13 bytes)
1744194958.958118 sending message 112 to peer 0x6183be1ac530 (13 bytes)
1744194958.958125 sending message 112 to peer 0x6183be1ac530 (13 bytes)
1744194958.958132 sending message 112 to peer 0x6183be1ac530 (12 bytes)
1744194958.958140 sending message 112 to peer 0x6183be1ac530 (12 bytes)
1744194958.958147 sending message 112 to peer 0x6183be1ac530 (12 bytes)
1744194958.958154 sending message 112 to peer 0x6183be1ac530 (12 bytes)
1744194958.958162 sending message 112 to peer 0x6183be1ac530 (13 bytes)
1744194958.958169 sending message 112 to peer 0x6183be1ac530 (8 bytes)
1744194958.958176 sending message 112 to peer 0x6183be1ac530 (13 bytes)
1744194958.958184 sending message 112 to peer 0x6183be1ac530 (13 bytes)
1744194958.958191 sending message 112 to peer 0x6183be1ac530 (13 bytes)
1744194958.958199 sending message 112 to peer 0x6183be1ac530 (13 bytes)
1744194958.958206 sending message 112 to peer 0x6183be1ac530 (13 bytes)
1744194958.958214 sending message 112 to peer 0x6183be1ac530 (13 bytes)
1744194958.958222 sending message 112 to peer 0x6183be1ac530 (13 bytes)
1744194958.958229 sending message 112 to peer 0x6183be1ac530 (12 bytes)
1744194958.958237 sending message 112 to peer 0x6183be1ac530 (12 bytes)
1744194958.958244 sending message 112 to peer 0x6183be1ac530 (12 bytes)
1744194958.958252 sending message 112 to peer 0x6183be1ac530 (8 bytes)
1744194958.958259 sending message 112 to peer 0x6183be1ac530 (12 bytes)
1744194958.958274 sending message 112 to peer 0x6183be1ac530 (13 bytes)
1744194958.958285 sending message 112 to peer 0x6183be1ac530 (13 bytes)
1744194958.958293 sending message 112 to peer 0x6183be1ac530 (13 bytes)
1744194958.958301 sending message 112 to peer 0x6183be1ac530 (13 bytes)
1744194958.958309 sending message 112 to peer 0x6183be1ac530 (13 bytes)
1744194958.958321 sending message 112 to peer 0x6183be1ac530 (13 bytes)
1744194958.958333 sending message 112 to peer 0x6183be1ac530 (13 bytes)
1744194958.958346 sending message 112 to peer 0x6183be1ac530 (13 bytes)
1744194958.958359 sending message 112 to peer 0x6183be1ac530 (12 bytes)
1744194958.958366 sending message 112 to peer 0x6183be1ac530 (10 bytes)
1744194958.958374 sending message 112 to peer 0x6183be1ac530 (12 bytes)
1744194958.958381 sending message 112 to peer 0x6183be1ac530 (12 bytes)
1744194958.958389 sending message 112 to peer 0x6183be1ac530 (12 bytes)
1744194958.958396 sending message 112 to peer 0x6183be1ac530 (13 bytes)
1744194958.958403 sending message 112 to peer 0x6183be1ac530 (13 bytes)
1744194958.958411 sending message 112 to peer 0x6183be1ac530 (13 bytes)
1744194958.958418 sending message 112 to peer 0x6183be1ac530 (13 bytes)
1744194958.958425 sending message 112 to peer 0x6183be1ac530 (13 bytes)
1744194958.958432 sending message 112 to peer 0x6183be1ac530 (13 bytes)
1744194958.958440 sending message 112 to peer 0x6183be1ac530 (13 bytes)
1744194958.958447 sending message 112 to peer 0x6183be1ac530 (10 bytes)
1744194958.958454 sending message 112 to peer 0x6183be1ac530 (13 bytes)
1744194958.958461 sending message 112 to peer 0x6183be1ac530 (12 bytes)
1744194958.958469 sending message 112 to peer 0x6183be1ac530 (12 bytes)
1744194958.958476 sending message 112 to peer 0x6183be1ac530 (12 bytes)
1744194958.958483 sending message 112 to peer 0x6183be1ac530 (10 bytes)
1744194958.958490 sending message 112 to peer 0x6183be1ac530 (10 bytes)
1744194958.958498 sending message 112 to peer 0x6183be1ac530 (10 bytes)
1744194958.958505 sending message 112 to peer 0x6183be1ac530 (12 bytes)
1744194958.958512 sending message 112 to peer 0x6183be1ac530 (13 bytes)
1744194958.958520 sending message 112 to peer 0x6183be1ac530 (13 bytes)
1744194958.958527 sending message 112 to peer 0x6183be1ac530 (13 bytes)
1744194958.958534 sending message 112 to peer 0x6183be1ac530 (13 bytes)
1744194958.958541 sending message 112 to peer 0x6183be1ac530 (13 bytes)
1744194958.958548 sending message 112 to peer 0x6183be1ac530 (11 bytes)
1744194958.958599 sending message 112 to peer 0x6183be1ac530 (11 bytes)
1744194958.958609 sending message 112 to peer 0x6183be1ac530 (12 bytes)
1744194958.958617 sending message 112 to peer 0x6183be1ac530 (12 bytes)
1744194958.958625 sending message 112 to peer 0x6183be1ac530 (12 bytes)
1744194958.958632 sending message 112 to peer 0x6183be1ac530 (12 bytes)
1744194958.958640 sending message 112 to peer 0x6183be1ac530 (12 bytes)
1744194958.958647 sending message 112 to peer 0x6183be1ac530 (11 bytes)
1744194958.958654 sending message 112 to peer 0x6183be1ac530 (12 bytes)
1744194958.958662 sending message 112 to peer 0x6183be1ac530 (12 bytes)
1744194958.958669 sending message 112 to peer 0x6183be1ac530 (13 bytes)
1744194958.958676 sending message 112 to peer 0x6183be1ac530 (13 bytes)
1744194958.958684 sending message 112 to peer 0x6183be1ac530 (13 bytes)
1744194958.958691 sending message 112 to peer 0x6183be1ac530 (13 bytes)
1744194958.958699 sending message 112 to peer 0x6183be1ac530 (13 bytes)
1744194958.958706 sending message 112 to peer 0x6183be1ac530 (10 bytes)
1744194958.958714 sending message 112 to peer 0x6183be1ac530 (9 bytes)
1744194958.958721 sending message 112 to peer 0x6183be1ac530 (12 bytes)
1744194958.958728 sending message 112 to peer 0x6183be1ac530 (13 bytes)
1744194958.958736 sending message 112 to peer 0x6183be1ac530 (13 bytes)
1744194958.958743 sending message 112 to peer 0x6183be1ac530 (13 bytes)
1744194958.958750 sending message 112 to peer 0x6183be1ac530 (13 bytes)
1744194958.958758 sending message 112 to peer 0x6183be1ac530 (13 bytes)
1744194958.958772 sending message 112 to peer 0x6183be1ac530 (9 bytes)
1744194958.958783 sending message 112 to peer 0x6183be1ac530 (12 bytes)
1744194958.958791 sending message 112 to peer 0x6183be1ac530 (13 bytes)
1744194958.958799 sending message 112 to peer 0x6183be1ac530 (13 bytes)
1744194958.958806 sending message 112 to peer 0x6183be1ac530 (13 bytes)
1744194958.958813 sending message 112 to peer 0x6183be1ac530 (13 bytes)
1744194958.958821 sending message 112 to peer 0x6183be1ac530 (13 bytes)
1744194958.958828 sending message 112 to peer 0x6183be1ac530 (11 bytes)
1744194958.958835 sending message 112 to peer 0x6183be1ac530 (12 bytes)
1744194958.958843 sending message 112 to peer 0x6183be1ac530 (13 bytes)
1744194958.958850 sending message 112 to peer 0x6183be1ac530 (13 bytes)
1744194958.958857 sending message 112 to peer 0x6183be1ac530 (13 bytes)
1744194958.958865 sending message 112 to peer 0x6183be1ac530 (13 bytes)
1744194958.958872 sending message 112 to peer 0x6183be1ac530 (13 bytes)
1744194958.958879 sending message 112 to peer 0x6183be1ac530 (11 bytes)
1744194958.958886 sending message 112 to peer 0x6183be1ac530 (12 bytes)
1744194958.958894 sending message 112 to peer 0x6183be1ac530 (12 bytes)
1744194958.958902 sending message 112 to peer 0x6183be1ac530 (12 bytes)
1744194958.958909 sending message 112 to peer 0x6183be1ac530 (12 bytes)
1744194958.958916 sending message 112 to peer 0x6183be1ac530 (12 bytes)
1744194958.958924 sending message 112 to peer 0x6183be1ac530 (21 bytes)
1744194958.958931 sending message 112 to peer 0x6183be1ac530 (12 bytes)
1744194958.958938 sending message 112 to peer 0x6183be1ac530 (9 bytes)
1744194958.958946 sending message 112 to peer 0x6183be1ac530 (6 bytes)
1744194958.958953 sending message 112 to peer 0x6183be1ac530 (13 bytes)
1744194958.958961 sending message 112 to peer 0x6183be1ac530 (8 bytes)
1744194958.958968 sending message 112 to peer 0x6183be1ac530 (15 bytes)
1744194958.958976 sending message 112 to peer 0x6183be1ac530 (13 bytes)
1744194958.958983 sending message 112 to peer 0x6183be1ac530 (9 bytes)
1744194958.958991 sending message 112 to peer 0x6183be1ac530 (70 bytes)
1744194958.958999 sending message 112 to peer 0x6183be1ac530 (69 bytes)
1744194958.959006 sending message 112 to peer 0x6183be1ac530 (10 bytes)
1744194958.959014 sending message 112 to peer 0x6183be1ac530 (10 bytes)
1744194958.959021 sending message 112 to peer 0x6183be1ac530 (8 bytes)
1744194958.959028 sending message 112 to peer 0x6183be1ac530 (15 bytes)
1744194958.959035 sending message 112 to peer 0x6183be1ac530 (13 bytes)
1744194958.959043 sending message 112 to peer 0x6183be1ac530 (10 bytes)
1744194958.959050 sending message 112 to peer 0x6183be1ac530 (10 bytes)
1744194958.959057 sending message 112 to peer 0x6183be1ac530 (17 bytes)
1744194958.959065 sending message 112 to peer 0x6183be1ac530 (10 bytes)
1744194958.959072 sending message 112 to peer 0x6183be1ac530 (13 bytes)
1744194958.959079 sending message 112 to peer 0x6183be1ac530 (9 bytes)
1744194958.959087 sending message 112 to peer 0x6183be1ac530 (5 bytes)
1744194958.959095 sending message 112 to peer 0x6183be1ac530 (15 bytes)
1744194958.959104 sending message 104 to peer 0x6183be1ac530 (0 bytes)
1744194958.959112 sending message 110 to peer 0x6183be1ac530 (0 bytes)
1744194958.959121 sending message 107 to peer 0x6183be1ac530 (4 bytes)
1744194958.959129 sending message 105 to peer 0x6183be1ac530 (20 bytes)
1744194958.959136 sending message 105 to peer 0x6183be1ac530 (20 bytes)
1744194958.959144 sending message 105 to peer 0x6183be1ac530 (22 bytes)
1744194958.959151 sending message 105 to peer 0x6183be1ac530 (26 bytes)
1744194958.959158 sending message 105 to peer 0x6183be1ac530 (20 bytes)
1744194958.959165 sending message 105 to peer 0x6183be1ac530 (35 bytes)
1744194958.959173 sending message 105 to peer 0x6183be1ac530 (25 bytes)
1744194958.959180 sending message 105 to peer 0x6183be1ac530 (15 bytes)
1744194958.959187 sending message 105 to peer 0x6183be1ac530 (64 bytes)
1744194958.959195 sending message 105 to peer 0x6183be1ac530 (16 bytes)
1744194958.959208 sending message 105 to peer 0x6183be1ac530 (15 bytes)
1744194958.959218 sending message 105 to peer 0x6183be1ac530 (37 bytes)
1744194958.959226 sending message 105 to peer 0x6183be1ac530 (29 bytes)
1744194958.959233 sending message 105 to peer 0x6183be1ac530 (14 bytes)
1744194958.959241 sending message 105 to peer 0x6183be1ac530 (25 bytes)
1744194958.959248 sending message 105 to peer 0x6183be1ac530 (60 bytes)
1744194958.959256 sending message 105 to peer 0x6183be1ac530 (15 bytes)
1744194958.959263 sending message 105 to peer 0x6183be1ac530 (21 bytes)
1744194958.959270 sending message 105 to peer 0x6183be1ac530 (17 bytes)
1744194958.959278 sending message 105 to peer 0x6183be1ac530 (15 bytes)
1744194958.959286 sending message 105 to peer 0x6183be1ac530 (17 bytes)
1744194958.959293 sending message 105 to peer 0x6183be1ac530 (30 bytes)
1744194958.959301 sending message 105 to peer 0x6183be1ac530 (29 bytes)
1744194958.959308 sending message 105 to peer 0x6183be1ac530 (26 bytes)
1744194958.959315 sending message 105 to peer 0x6183be1ac530 (18 bytes)
1744194958.959322 sending message 105 to peer 0x6183be1ac530 (23 bytes)
1744194958.959330 sending message 105 to peer 0x6183be1ac530 (33 bytes)
1744194958.959337 sending message 105 to peer 0x6183be1ac530 (19 bytes)
1744194958.959345 sending message 105 to peer 0x6183be1ac530 (11 bytes)
1744194958.959352 sending message 105 to peer 0x6183be1ac530 (13 bytes)
1744194958.959359 sending message 105 to peer 0x6183be1ac530 (91 bytes)
1744194958.959367 sending message 105 to peer 0x6183be1ac530 (11 bytes)
1744194958.959374 sending message 105 to peer 0x6183be1ac530 (8 bytes)
1744194958.959382 sending message 105 to peer 0x6183be1ac530 (21 bytes)
1744194958.959389 sending message 105 to peer 0x6183be1ac530 (11 bytes)
1744194958.959397 sending message 105 to peer 0x6183be1ac530 (17 bytes)
1744194958.959404 sending message 105 to peer 0x6183be1ac530 (31 bytes)
1744194958.959411 sending message 105 to peer 0x6183be1ac530 (50 bytes)
1744194958.959419 sending message 105 to peer 0x6183be1ac530 (122 bytes)
1744194958.959426 sending message 105 to peer 0x6183be1ac530 (133 bytes)
1744194958.959433 sending message 105 to peer 0x6183be1ac530 (20 bytes)
1744194958.959440 sending message 105 to peer 0x6183be1ac530 (54 bytes)
1744194958.959448 sending message 105 to peer 0x6183be1ac530 (27 bytes)
1744194958.959455 sending message 105 to peer 0x6183be1ac530 (38 bytes)
1744194958.959462 sending message 105 to peer 0x6183be1ac530 (19 bytes)
1744194958.959469 sending message 105 to peer 0x6183be1ac530 (18 bytes)
1744194958.959477 sending message 105 to peer 0x6183be1ac530 (16 bytes)
1744194958.959484 sending message 105 to peer 0x6183be1ac530 (32 bytes)
1744194958.959491 sending message 106 to peer 0x6183be1ac530 (0 bytes)
1744194958.959569 sending message 200 to peer 0x6183be1ac530 (4 bytes)
1744194958.959584 client loop enter
1744194958.960830 peer 0x6183be1ac530 message 303
1744194958.960852 open write file 2 -
1744194958.960867 sending message 305 to peer 0x6183be1ac530 (8 bytes)
1744194958.960900 write check file 2
1744194958.961239 peer 0x6183be1ac530 message 304
1744194958.961256 write 58 to file 2
1744194958.961266 peer 0x6183be1ac530 message 203
1744194958.961273 file 2 58 bytes left
1744194958.961299 write check file 2
1744194958.961313 client loop exit
